Using pre-set license
Built from '2020.2/release' branch; Version is '2020.2.0f1 (3721df5a8b28) revision 3613151'; Using compiler version '192528614'; Build Type 'Release'
OS: 'Windows 10  (10.0.0) 64bit' Language: 'en' Physical Memory: 7927 MB
BatchMode: 1, IsHumanControllingUs: 0, StartBugReporterOnCrash: 0, Is64bit: 1, IsPro: 0

 COMMAND LINE ARGUMENTS:
C:\Program Files\Unity\Hub\Editor\2020.2.0f1\Editor\Unity.exe
-adb2
-batchMode
-noUpm
-name
AssetImportWorker0
-projectPath
C:/Users/Kaled Brahmi/Documents/Backup/New_Proect
-logFile
Logs/AssetImportWorker0.log
-srvPort
55810
Successfully changed project path to: C:/Users/Kaled Brahmi/Documents/Backup/New_Proect
C:/Users/Kaled Brahmi/Documents/Backup/New_Proect
Using Asset Import Pipeline V2.
Refreshing native plugins compatible for Editor in 99.97 ms, found 1 plugins.
Preloading 0 native plugins for Editor in 0.00 ms.
Initialize engine version: 2020.2.0f1 (3721df5a8b28)
[Subsystems] Discovering subsystems at path C:/Program Files/Unity/Hub/Editor/2020.2.0f1/Editor/Data/Resources/UnitySubsystems
[Subsystems] Discovering subsystems at path C:/Users/Kaled Brahmi/Documents/Backup/New_Proect/Assets
GfxDevice: creating device client; threaded=0
Direct3D:
    Version:  Direct3D 11.0 [level 10.1]
    Renderer: ATI Radeon HD 4250 (ID=0x9715)
    Vendor:   
    VRAM:     252 MB
    Driver:   8.970.100.9001
Initialize mono
Mono path[0] = 'C:/Program Files/Unity/Hub/Editor/2020.2.0f1/Editor/Data/Managed'
Mono path[1] = 'C:/Program Files/Unity/Hub/Editor/2020.2.0f1/Editor/Data/MonoBleedingEdge/lib/mono/unityjit'
Mono config path = 'C:/Program Files/Unity/Hub/Editor/2020.2.0f1/Editor/Data/MonoBleedingEdge/etc'
Using monoOptions --debugger-agent=transport=dt_socket,embedding=1,server=y,suspend=n,address=127.0.0.1:56240
Begin MonoManager ReloadAssembly
Registering precompiled unity dll's ...
Register platform support module: C:/Program Files/Unity/Hub/Editor/2020.2.0f1/Editor/Data/PlaybackEngines/WindowsStandaloneSupport/UnityEditor.WindowsStandalone.Extensions.dll
Registered in 0.004931 seconds.
Native extension for WindowsStandalone target not found
Refreshing native plugins compatible for Editor in 102.31 ms, found 1 plugins.
Preloading 0 native plugins for Editor in 0.00 ms.
Invoked RoslynAnalysisRunner static constructor.
RoslynAnalysisRunner will not be running.
RoslynAnalysisRunner has terminated.
Mono: successfully reloaded assembly
- Completed reload, in  2.754 seconds
Platform modules already initialized, skipping
Registering precompiled user dll's ...
Registered in 0.001751 seconds.
Begin MonoManager ReloadAssembly
Native extension for WindowsStandalone target not found
Refreshing native plugins compatible for Editor in 74.60 ms, found 1 plugins.
Preloading 0 native plugins for Editor in 0.00 ms.
Invoked RoslynAnalysisRunner static constructor.
RoslynAnalysisRunner will not be running.
RoslynAnalysisRunner has terminated.
Mono: successfully reloaded assembly
- Completed reload, in  3.017 seconds
Platform modules already initialized, skipping
========================================================================
Worker process is ready to serve import requests
Launched and connected shader compiler UnityShaderCompiler.exe after 0.05 seconds
Refreshing native plugins compatible for Editor in 0.76 ms, found 1 plugins.
Preloading 0 native plugins for Editor in 0.00 ms.
Unloading 1775 Unused Serialized files (Serialized files now loaded: 0)
System memory in use before: 104.7 MB.
System memory in use after: 104.8 MB.

Unloading 18 unused Assets to reduce memory usage. Loaded Objects now: 2248.
Total: 4.191245 ms (FindLiveObjects: 0.505511 ms CreateObjectMapping: 0.104622 ms MarkObjects: 3.525867 ms  DeleteObjects: 0.047911 ms)

========================================================================
Received Import Request.
  path: Assets/Prefabs/tree-set.png
  artifactKey: Guid(9eb269e178da1bb45a6c842d953d6af6) Importer(815301076,1909f56bfc062723c751e8b465ee728b)
Start importing Assets/Prefabs/tree-set.png using Guid(9eb269e178da1bb45a6c842d953d6af6) Importer(815301076,1909f56bfc062723c751e8b465ee728b)  -> (artifact id: '1e65d77ca92774620b44681f339cdc6b') in 0.350272 seconds
  Import took 0.456699 seconds .

========================================================================
Received Import Request.
  Time since last request: 43.685381 seconds.
  path: Assets/Prefabs/tree-set.png
  artifactKey: Guid(9eb269e178da1bb45a6c842d953d6af6) Importer(815301076,1909f56bfc062723c751e8b465ee728b)
Start importing Assets/Prefabs/tree-set.png using Guid(9eb269e178da1bb45a6c842d953d6af6) Importer(815301076,1909f56bfc062723c751e8b465ee728b)  -> (artifact id: 'ba8e46b010683b9aa6e6a24d68c0102f') in 0.083459 seconds
  Import took 0.088199 seconds .

========================================================================
Received Import Request.
  Time since last request: 0.054274 seconds.
  path: Assets/Prefabs/tree-set.png
  artifactKey: Guid(9eb269e178da1bb45a6c842d953d6af6) Importer(815301076,1909f56bfc062723c751e8b465ee728b)
Start importing Assets/Prefabs/tree-set.png using Guid(9eb269e178da1bb45a6c842d953d6af6) Importer(815301076,1909f56bfc062723c751e8b465ee728b)  -> (artifact id: 'ba8e46b010683b9aa6e6a24d68c0102f') in 0.044750 seconds
  Import took 0.059354 seconds .

========================================================================
Received Import Request.
  Time since last request: 31.046285 seconds.
  path: Assets/Prefabs/tree-set.png
  artifactKey: Guid(9eb269e178da1bb45a6c842d953d6af6) Importer(815301076,1909f56bfc062723c751e8b465ee728b)
Start importing Assets/Prefabs/tree-set.png using Guid(9eb269e178da1bb45a6c842d953d6af6) Importer(815301076,1909f56bfc062723c751e8b465ee728b)  -> (artifact id: 'dc84d0d712a1989bf1577a59be4b0e74') in 0.109831 seconds
  Import took 0.125414 seconds .

========================================================================
Received Import Request.
  Time since last request: 0.028415 seconds.
  path: Assets/Prefabs/tree-set.png
  artifactKey: Guid(9eb269e178da1bb45a6c842d953d6af6) Importer(815301076,1909f56bfc062723c751e8b465ee728b)
Start importing Assets/Prefabs/tree-set.png using Guid(9eb269e178da1bb45a6c842d953d6af6) Importer(815301076,1909f56bfc062723c751e8b465ee728b)  -> (artifact id: 'dc84d0d712a1989bf1577a59be4b0e74') in 0.160912 seconds
  Import took 0.168806 seconds .

========================================================================
Received Import Request.
  Time since last request: 25.207000 seconds.
  path: Assets/Prefabs/tree-set.png
  artifactKey: Guid(9eb269e178da1bb45a6c842d953d6af6) Importer(815301076,1909f56bfc062723c751e8b465ee728b)
Start importing Assets/Prefabs/tree-set.png using Guid(9eb269e178da1bb45a6c842d953d6af6) Importer(815301076,1909f56bfc062723c751e8b465ee728b)  -> (artifact id: 'be94a515a762787238a44ce5927e964b') in 0.085036 seconds
  Import took 0.108703 seconds .

========================================================================
Received Import Request.
  Time since last request: 0.029991 seconds.
  path: Assets/Prefabs/tree-set.png
  artifactKey: Guid(9eb269e178da1bb45a6c842d953d6af6) Importer(815301076,1909f56bfc062723c751e8b465ee728b)
Start importing Assets/Prefabs/tree-set.png using Guid(9eb269e178da1bb45a6c842d953d6af6) Importer(815301076,1909f56bfc062723c751e8b465ee728b)  -> (artifact id: 'be94a515a762787238a44ce5927e964b') in 0.094722 seconds
  Import took 0.102822 seconds .

========================================================================
Received Import Request.
  Time since last request: 12.199094 seconds.
  path: Assets/Prefabs/tree-set.png
  artifactKey: Guid(9eb269e178da1bb45a6c842d953d6af6) Importer(815301076,1909f56bfc062723c751e8b465ee728b)
Start importing Assets/Prefabs/tree-set.png using Guid(9eb269e178da1bb45a6c842d953d6af6) Importer(815301076,1909f56bfc062723c751e8b465ee728b)  -> (artifact id: 'beb381ec6401a3811a55f8fa0eed4a5f') in 0.101772 seconds
  Import took 0.112735 seconds .

========================================================================
Received Import Request.
  Time since last request: 0.035346 seconds.
  path: Assets/Prefabs/tree-set.png
  artifactKey: Guid(9eb269e178da1bb45a6c842d953d6af6) Importer(815301076,1909f56bfc062723c751e8b465ee728b)
Start importing Assets/Prefabs/tree-set.png using Guid(9eb269e178da1bb45a6c842d953d6af6) Importer(815301076,1909f56bfc062723c751e8b465ee728b)  -> (artifact id: 'beb381ec6401a3811a55f8fa0eed4a5f') in 0.149079 seconds
  Import took 0.169001 seconds .

========================================================================
Received Import Request.
  Time since last request: 11.091832 seconds.
  path: Assets/Prefabs/tree-set.png
  artifactKey: Guid(9eb269e178da1bb45a6c842d953d6af6) Importer(815301076,1909f56bfc062723c751e8b465ee728b)
Start importing Assets/Prefabs/tree-set.png using Guid(9eb269e178da1bb45a6c842d953d6af6) Importer(815301076,1909f56bfc062723c751e8b465ee728b)  -> (artifact id: 'b35d173c655b8cb87aaf61e155bd43a6') in 0.101642 seconds
  Import took 0.106359 seconds .

========================================================================
Received Import Request.
  Time since last request: 0.037137 seconds.
  path: Assets/Prefabs/tree-set.png
  artifactKey: Guid(9eb269e178da1bb45a6c842d953d6af6) Importer(815301076,1909f56bfc062723c751e8b465ee728b)
Start importing Assets/Prefabs/tree-set.png using Guid(9eb269e178da1bb45a6c842d953d6af6) Importer(815301076,1909f56bfc062723c751e8b465ee728b)  -> (artifact id: 'b35d173c655b8cb87aaf61e155bd43a6') in 0.160321 seconds
  Import took 0.173592 seconds .

========================================================================
Received Import Request.
  Time since last request: 66.571056 seconds.
  path: Assets/Sprites/Character
  artifactKey: Guid(a0ff099e2de0fd6fcb0e90bf723544e8) Importer(815301076,1909f56bfc062723c751e8b465ee728b)
Start importing Assets/Sprites/Character using Guid(a0ff099e2de0fd6fcb0e90bf723544e8) Importer(815301076,1909f56bfc062723c751e8b465ee728b)  -> (artifact id: '4c48e6e1217f2d11532c92c3ee9831a6') in 0.085131 seconds
  Import took 0.091580 seconds .

========================================================================
Received Import Request.
  Time since last request: 0.394512 seconds.
  path: Assets/Sprites/Enemy
  artifactKey: Guid(e511f26cc086bb65e8a3c8a0c44d4d2f) Importer(815301076,1909f56bfc062723c751e8b465ee728b)
Start importing Assets/Sprites/Enemy using Guid(e511f26cc086bb65e8a3c8a0c44d4d2f) Importer(815301076,1909f56bfc062723c751e8b465ee728b)  -> (artifact id: 'dc29227a01a8b3a15eb114260179f033') in 0.025704 seconds
  Import took 0.034170 seconds .

