Using pre-set license
Built from '2020.2/release' branch; Version is '2020.2.0f1 (3721df5a8b28) revision 3613151'; Using compiler version '192528614'; Build Type 'Release'
OS: 'Windows 10  (10.0.0) 64bit' Language: 'en' Physical Memory: 7927 MB
BatchMode: 1, IsHumanControllingUs: 0, StartBugReporterOnCrash: 0, Is64bit: 1, IsPro: 0

 COMMAND LINE ARGUMENTS:
C:\Program Files\Unity\Hub\Editor\2020.2.0f1\Editor\Unity.exe
-adb2
-batchMode
-noUpm
-name
AssetImportWorker0
-projectPath
C:/Users/Kaled Brahmi/Documents/Backup/New_Proect
-logFile
Logs/AssetImportWorker0.log
-srvPort
49886
Successfully changed project path to: C:/Users/Kaled Brahmi/Documents/Backup/New_Proect
C:/Users/Kaled Brahmi/Documents/Backup/New_Proect
Using Asset Import Pipeline V2.
Refreshing native plugins compatible for Editor in 85.61 ms, found 1 plugins.
Preloading 0 native plugins for Editor in 0.00 ms.
Initialize engine version: 2020.2.0f1 (3721df5a8b28)
[Subsystems] Discovering subsystems at path C:/Program Files/Unity/Hub/Editor/2020.2.0f1/Editor/Data/Resources/UnitySubsystems
[Subsystems] Discovering subsystems at path C:/Users/Kaled Brahmi/Documents/Backup/New_Proect/Assets
GfxDevice: creating device client; threaded=0
Direct3D:
    Version:  Direct3D 11.0 [level 10.1]
    Renderer: ATI Radeon HD 4250 (ID=0x9715)
    Vendor:   
    VRAM:     252 MB
    Driver:   8.970.100.9001
Initialize mono
Mono path[0] = 'C:/Program Files/Unity/Hub/Editor/2020.2.0f1/Editor/Data/Managed'
Mono path[1] = 'C:/Program Files/Unity/Hub/Editor/2020.2.0f1/Editor/Data/MonoBleedingEdge/lib/mono/unityjit'
Mono config path = 'C:/Program Files/Unity/Hub/Editor/2020.2.0f1/Editor/Data/MonoBleedingEdge/etc'
Using monoOptions --debugger-agent=transport=dt_socket,embedding=1,server=y,suspend=n,address=127.0.0.1:56532
Begin MonoManager ReloadAssembly
Registering precompiled unity dll's ...
Register platform support module: C:/Program Files/Unity/Hub/Editor/2020.2.0f1/Editor/Data/PlaybackEngines/WindowsStandaloneSupport/UnityEditor.WindowsStandalone.Extensions.dll
Registered in 0.002510 seconds.
Native extension for WindowsStandalone target not found
Refreshing native plugins compatible for Editor in 85.13 ms, found 1 plugins.
Preloading 0 native plugins for Editor in 0.00 ms.
Invoked RoslynAnalysisRunner static constructor.
RoslynAnalysisRunner will not be running.
RoslynAnalysisRunner has terminated.
Mono: successfully reloaded assembly
- Completed reload, in  2.216 seconds
Platform modules already initialized, skipping
Registering precompiled user dll's ...
Registered in 0.001674 seconds.
Begin MonoManager ReloadAssembly
Native extension for WindowsStandalone target not found
Refreshing native plugins compatible for Editor in 74.76 ms, found 1 plugins.
Preloading 0 native plugins for Editor in 0.00 ms.
Invoked RoslynAnalysisRunner static constructor.
RoslynAnalysisRunner will not be running.
RoslynAnalysisRunner has terminated.
Mono: successfully reloaded assembly
- Completed reload, in  3.205 seconds
Platform modules already initialized, skipping
========================================================================
Worker process is ready to serve import requests
Launched and connected shader compiler UnityShaderCompiler.exe after 0.06 seconds
Refreshing native plugins compatible for Editor in 0.75 ms, found 1 plugins.
Preloading 0 native plugins for Editor in 0.00 ms.
Unloading 1775 Unused Serialized files (Serialized files now loaded: 0)
System memory in use before: 104.8 MB.
System memory in use after: 104.9 MB.

Unloading 18 unused Assets to reduce memory usage. Loaded Objects now: 2248.
Total: 6.173201 ms (FindLiveObjects: 0.531422 ms CreateObjectMapping: 0.107067 ms MarkObjects: 5.433023 ms  DeleteObjects: 0.094356 ms)

========================================================================
Received Import Request.
  path: Assets/Prefabs/Enemy.prefab
  artifactKey: Guid(594fc46e83a64ee42990b7a11377115c) Importer(815301076,1909f56bfc062723c751e8b465ee728b)
Start importing Assets/Prefabs/Enemy.prefab using Guid(594fc46e83a64ee42990b7a11377115c) Importer(815301076,1909f56bfc062723c751e8b465ee728b)  -> (artifact id: '11f8152db39d62a68b1ba5b02036654d') in 0.345635 seconds
  Import took 0.357629 seconds .

========================================================================
Received Import Request.
  Time since last request: 218.428061 seconds.
  path: Assets/Sprites/Various
  artifactKey: Guid(b855ab45efa53201e948bf43c9005180) Importer(815301076,1909f56bfc062723c751e8b465ee728b)
Start importing Assets/Sprites/Various using Guid(b855ab45efa53201e948bf43c9005180) Importer(815301076,1909f56bfc062723c751e8b465ee728b)  -> (artifact id: 'b5e870d14a6e8dc58252ea4d87318501') in 0.027107 seconds
  Import took 0.032896 seconds .

========================================================================
Received Prepare
Registering precompiled user dll's ...
Registered in 0.001739 seconds.
Begin MonoManager ReloadAssembly
Native extension for WindowsStandalone target not found
Refreshing native plugins compatible for Editor in 0.82 ms, found 1 plugins.
Preloading 0 native plugins for Editor in 0.00 ms.
Invoked RoslynAnalysisRunner static constructor.
RoslynAnalysisRunner will not be running.
RoslynAnalysisRunner has terminated.
Mono: successfully reloaded assembly
- Completed reload, in  1.949 seconds
Platform modules already initialized, skipping
Refreshing native plugins compatible for Editor in 0.97 ms, found 1 plugins.
Preloading 0 native plugins for Editor in 0.00 ms.
Unloading 1766 Unused Serialized files (Serialized files now loaded: 0)
System memory in use before: 107.4 MB.
System memory in use after: 107.5 MB.

Unloading 8 unused Assets to reduce memory usage. Loaded Objects now: 2257.
Total: 4.300756 ms (FindLiveObjects: 0.548045 ms CreateObjectMapping: 0.105600 ms MarkObjects: 3.606045 ms  DeleteObjects: 0.033733 ms)

========================================================================
Received Prepare
Registering precompiled user dll's ...
Registered in 0.001764 seconds.
Begin MonoManager ReloadAssembly
Native extension for WindowsStandalone target not found
Refreshing native plugins compatible for Editor in 0.73 ms, found 1 plugins.
Preloading 0 native plugins for Editor in 0.00 ms.
Invoked RoslynAnalysisRunner static constructor.
RoslynAnalysisRunner will not be running.
RoslynAnalysisRunner has terminated.
Mono: successfully reloaded assembly
- Completed reload, in  2.099 seconds
Platform modules already initialized, skipping
Refreshing native plugins compatible for Editor in 0.86 ms, found 1 plugins.
Preloading 0 native plugins for Editor in 0.00 ms.
Unloading 1766 Unused Serialized files (Serialized files now loaded: 0)
System memory in use before: 107.5 MB.
System memory in use after: 107.6 MB.

Unloading 8 unused Assets to reduce memory usage. Loaded Objects now: 2259.
Total: 4.898178 ms (FindLiveObjects: 0.606711 ms CreateObjectMapping: 0.121244 ms MarkObjects: 4.122801 ms  DeleteObjects: 0.040089 ms)

========================================================================
Received Prepare
Registering precompiled user dll's ...
Registered in 0.002675 seconds.
Begin MonoManager ReloadAssembly
Native extension for WindowsStandalone target not found
Refreshing native plugins compatible for Editor in 0.87 ms, found 1 plugins.
Preloading 0 native plugins for Editor in 0.00 ms.
Invoked RoslynAnalysisRunner static constructor.
RoslynAnalysisRunner will not be running.
RoslynAnalysisRunner has terminated.
Mono: successfully reloaded assembly
- Completed reload, in  2.434 seconds
Platform modules already initialized, skipping
Refreshing native plugins compatible for Editor in 0.77 ms, found 1 plugins.
Preloading 0 native plugins for Editor in 0.00 ms.
Unloading 1766 Unused Serialized files (Serialized files now loaded: 0)
System memory in use before: 109.1 MB.
System memory in use after: 109.3 MB.

Unloading 8 unused Assets to reduce memory usage. Loaded Objects now: 2261.
Total: 4.879112 ms (FindLiveObjects: 0.550978 ms CreateObjectMapping: 0.179422 ms MarkObjects: 4.103734 ms  DeleteObjects: 0.037644 ms)

========================================================================
Received Import Request.
  Time since last request: 569.321887 seconds.
  path: Assets/Prefabs/Tree_2.prefab
  artifactKey: Guid(107d067a20191c948aa474d99dbbff03) Importer(815301076,1909f56bfc062723c751e8b465ee728b)
Start importing Assets/Prefabs/Tree_2.prefab using Guid(107d067a20191c948aa474d99dbbff03) Importer(815301076,1909f56bfc062723c751e8b465ee728b)  -> (artifact id: '198b42346e2e8442804480e47cee19ea') in 0.242331 seconds
  Import took 0.248884 seconds .

========================================================================
Received Import Request.
  Time since last request: 0.011981 seconds.
  path: Assets/Prefabs/Tree_1.prefab
  artifactKey: Guid(7001bc16830f9b64b9cce0bbec828213) Importer(815301076,1909f56bfc062723c751e8b465ee728b)
Start importing Assets/Prefabs/Tree_1.prefab using Guid(7001bc16830f9b64b9cce0bbec828213) Importer(815301076,1909f56bfc062723c751e8b465ee728b)  -> (artifact id: '30093e1c90859eae7dbe4e1a2465f1bb') in 0.200514 seconds
  Import took 0.206348 seconds .

========================================================================
Received Prepare
Registering precompiled user dll's ...
Registered in 0.005736 seconds.
Begin MonoManager ReloadAssembly
Native extension for WindowsStandalone target not found
Refreshing native plugins compatible for Editor in 0.75 ms, found 1 plugins.
Preloading 0 native plugins for Editor in 0.00 ms.
Invoked RoslynAnalysisRunner static constructor.
RoslynAnalysisRunner will not be running.
RoslynAnalysisRunner has terminated.
Mono: successfully reloaded assembly
- Completed reload, in  2.581 seconds
Platform modules already initialized, skipping
Refreshing native plugins compatible for Editor in 0.90 ms, found 1 plugins.
Preloading 0 native plugins for Editor in 0.00 ms.
Unloading 1766 Unused Serialized files (Serialized files now loaded: 0)
System memory in use before: 109.3 MB.
System memory in use after: 109.4 MB.

Unloading 8 unused Assets to reduce memory usage. Loaded Objects now: 2264.
Total: 5.854445 ms (FindLiveObjects: 0.577378 ms CreateObjectMapping: 0.110978 ms MarkObjects: 5.120134 ms  DeleteObjects: 0.038622 ms)

========================================================================
Received Import Request.
  Time since last request: 145.624167 seconds.
  path: Assets/Prefabs/Tree_1.prefab
  artifactKey: Guid(7001bc16830f9b64b9cce0bbec828213) Importer(815301076,1909f56bfc062723c751e8b465ee728b)
Start importing Assets/Prefabs/Tree_1.prefab using Guid(7001bc16830f9b64b9cce0bbec828213) Importer(815301076,1909f56bfc062723c751e8b465ee728b)  -> (artifact id: '482f5377994f903ad57320184c432de8') in 0.215554 seconds
  Import took 0.249350 seconds .

========================================================================
Received Import Request.
  Time since last request: 14.984736 seconds.
  path: Assets/Prefabs/Tree_2.prefab
  artifactKey: Guid(107d067a20191c948aa474d99dbbff03) Importer(815301076,1909f56bfc062723c751e8b465ee728b)
Start importing Assets/Prefabs/Tree_2.prefab using Guid(107d067a20191c948aa474d99dbbff03) Importer(815301076,1909f56bfc062723c751e8b465ee728b)  -> (artifact id: '8ff6aeb05e93a9e9a68258bf35c4262c') in 0.101551 seconds
  Import took 0.120213 seconds .

========================================================================
Received Prepare
Registering precompiled user dll's ...
Registered in 0.001787 seconds.
Begin MonoManager ReloadAssembly
Native extension for WindowsStandalone target not found
Refreshing native plugins compatible for Editor in 0.75 ms, found 1 plugins.
Preloading 0 native plugins for Editor in 0.00 ms.
Invoked RoslynAnalysisRunner static constructor.
RoslynAnalysisRunner will not be running.
RoslynAnalysisRunner has terminated.
Mono: successfully reloaded assembly
- Completed reload, in  2.085 seconds
Platform modules already initialized, skipping
Refreshing native plugins compatible for Editor in 0.76 ms, found 1 plugins.
Preloading 0 native plugins for Editor in 0.00 ms.
Unloading 1766 Unused Serialized files (Serialized files now loaded: 0)
System memory in use before: 109.1 MB.
System memory in use after: 109.2 MB.

Unloading 8 unused Assets to reduce memory usage. Loaded Objects now: 2267.
Total: 4.926534 ms (FindLiveObjects: 0.540711 ms CreateObjectMapping: 0.104133 ms MarkObjects: 4.230845 ms  DeleteObjects: 0.043511 ms)

========================================================================
Received Import Request.
  Time since last request: 144.065446 seconds.
  path: Assets/Prefabs/Tree_1.prefab
  artifactKey: Guid(7001bc16830f9b64b9cce0bbec828213) Importer(815301076,1909f56bfc062723c751e8b465ee728b)
Start importing Assets/Prefabs/Tree_1.prefab using Guid(7001bc16830f9b64b9cce0bbec828213) Importer(815301076,1909f56bfc062723c751e8b465ee728b)  -> (artifact id: '14409945bfb8cfcc9d0b8fcd3d93dea3') in 0.247478 seconds
  Import took 0.255046 seconds .

========================================================================
Received Import Request.
  Time since last request: 4.517265 seconds.
  path: Assets/Prefabs/Tree_2.prefab
  artifactKey: Guid(107d067a20191c948aa474d99dbbff03) Importer(815301076,1909f56bfc062723c751e8b465ee728b)
Start importing Assets/Prefabs/Tree_2.prefab using Guid(107d067a20191c948aa474d99dbbff03) Importer(815301076,1909f56bfc062723c751e8b465ee728b)  -> (artifact id: 'ce668e9fe0e2b94faf57057718d09ac4') in 0.054695 seconds
  Import took 0.060982 seconds .

========================================================================
Received Import Request.
  Time since last request: 0.017642 seconds.
  path: Assets/Prefabs/Tree_2.prefab
  artifactKey: Guid(107d067a20191c948aa474d99dbbff03) Importer(815301076,1909f56bfc062723c751e8b465ee728b)
Start importing Assets/Prefabs/Tree_2.prefab using Guid(107d067a20191c948aa474d99dbbff03) Importer(815301076,1909f56bfc062723c751e8b465ee728b)  -> (artifact id: 'ce668e9fe0e2b94faf57057718d09ac4') in 0.061511 seconds
  Import took 0.069919 seconds .

========================================================================
Received Prepare
Registering precompiled user dll's ...
Registered in 0.001755 seconds.
Begin MonoManager ReloadAssembly
Native extension for WindowsStandalone target not found
Refreshing native plugins compatible for Editor in 0.81 ms, found 1 plugins.
Preloading 0 native plugins for Editor in 0.00 ms.
Invoked RoslynAnalysisRunner static constructor.
RoslynAnalysisRunner will not be running.
RoslynAnalysisRunner has terminated.
Mono: successfully reloaded assembly
- Completed reload, in  2.051 seconds
Platform modules already initialized, skipping
Refreshing native plugins compatible for Editor in 0.75 ms, found 1 plugins.
Preloading 0 native plugins for Editor in 0.00 ms.
Unloading 1766 Unused Serialized files (Serialized files now loaded: 0)
System memory in use before: 108.6 MB.
System memory in use after: 108.7 MB.

Unloading 8 unused Assets to reduce memory usage. Loaded Objects now: 2270.
Total: 6.690934 ms (FindLiveObjects: 0.607200 ms CreateObjectMapping: 0.168667 ms MarkObjects: 5.872045 ms  DeleteObjects: 0.033244 ms)

========================================================================
Received Import Request.
  Time since last request: 471.589299 seconds.
  path: Assets/Sprites/BG
  artifactKey: Guid(84035a186b3ce22eca30598db0efd0f2) Importer(815301076,1909f56bfc062723c751e8b465ee728b)
Start importing Assets/Sprites/BG using Guid(84035a186b3ce22eca30598db0efd0f2) Importer(815301076,1909f56bfc062723c751e8b465ee728b)  -> (artifact id: '0cdeb1608075c182d134c586a465509b') in 0.083181 seconds
  Import took 0.089871 seconds .

========================================================================
Received Prepare
Registering precompiled user dll's ...
Registered in 0.001743 seconds.
Begin MonoManager ReloadAssembly
Native extension for WindowsStandalone target not found
Refreshing native plugins compatible for Editor in 0.88 ms, found 1 plugins.
Preloading 0 native plugins for Editor in 0.00 ms.
Invoked RoslynAnalysisRunner static constructor.
RoslynAnalysisRunner will not be running.
RoslynAnalysisRunner has terminated.
Mono: successfully reloaded assembly
- Completed reload, in  1.929 seconds
Platform modules already initialized, skipping
Refreshing native plugins compatible for Editor in 0.79 ms, found 1 plugins.
Preloading 0 native plugins for Editor in 0.00 ms.
Unloading 1766 Unused Serialized files (Serialized files now loaded: 0)
System memory in use before: 109.1 MB.
System memory in use after: 109.2 MB.

Unloading 8 unused Assets to reduce memory usage. Loaded Objects now: 2272.
Total: 5.012090 ms (FindLiveObjects: 0.528489 ms CreateObjectMapping: 0.103156 ms MarkObjects: 4.337423 ms  DeleteObjects: 0.035200 ms)

========================================================================
Received Import Request.
  Time since last request: 174.700111 seconds.
  path: Assets/Prefabs/Tree_1.prefab
  artifactKey: Guid(7001bc16830f9b64b9cce0bbec828213) Importer(815301076,1909f56bfc062723c751e8b465ee728b)
Start importing Assets/Prefabs/Tree_1.prefab using Guid(7001bc16830f9b64b9cce0bbec828213) Importer(815301076,1909f56bfc062723c751e8b465ee728b)  -> (artifact id: 'd313d95fa9bb70df9d1f1634e488e2e1') in 0.248821 seconds
  Import took 0.254609 seconds .

========================================================================
Received Import Request.
  Time since last request: 1.815627 seconds.
  path: Assets/Prefabs/Tree_2.prefab
  artifactKey: Guid(107d067a20191c948aa474d99dbbff03) Importer(815301076,1909f56bfc062723c751e8b465ee728b)
Start importing Assets/Prefabs/Tree_2.prefab using Guid(107d067a20191c948aa474d99dbbff03) Importer(815301076,1909f56bfc062723c751e8b465ee728b)  -> (artifact id: '5100a362dfd5efa452063f8f40fdf9d3') in 0.056642 seconds
  Import took 0.062062 seconds .

========================================================================
Received Import Request.
  Time since last request: 0.048559 seconds.
  path: Assets/Prefabs/Tree_2.prefab
  artifactKey: Guid(107d067a20191c948aa474d99dbbff03) Importer(815301076,1909f56bfc062723c751e8b465ee728b)
Start importing Assets/Prefabs/Tree_2.prefab using Guid(107d067a20191c948aa474d99dbbff03) Importer(815301076,1909f56bfc062723c751e8b465ee728b)  -> (artifact id: '5100a362dfd5efa452063f8f40fdf9d3') in 0.069273 seconds
  Import took 0.078039 seconds .

========================================================================
Received Import Request.
  Time since last request: 6.323864 seconds.
  path: Assets/Prefabs/PiantaCorta.prefab
  artifactKey: Guid(13f60cd352c7c9646909317ed074a850) Importer(815301076,1909f56bfc062723c751e8b465ee728b)
Start importing Assets/Prefabs/PiantaCorta.prefab using Guid(13f60cd352c7c9646909317ed074a850) Importer(815301076,1909f56bfc062723c751e8b465ee728b)  -> (artifact id: '3b2262cbf69b69d5ba3210850754e8f7') in 0.057806 seconds
  Import took 0.063411 seconds .

========================================================================
Received Import Request.
  Time since last request: 0.073047 seconds.
  path: Assets/Prefabs/PiantaCorta.prefab
  artifactKey: Guid(13f60cd352c7c9646909317ed074a850) Importer(815301076,1909f56bfc062723c751e8b465ee728b)
Start importing Assets/Prefabs/PiantaCorta.prefab using Guid(13f60cd352c7c9646909317ed074a850) Importer(815301076,1909f56bfc062723c751e8b465ee728b)  -> (artifact id: '3b2262cbf69b69d5ba3210850754e8f7') in 0.072894 seconds
  Import took 0.082786 seconds .

========================================================================
Received Import Request.
  Time since last request: 1.300167 seconds.
  path: Assets/Prefabs/PiantaLunga.prefab
  artifactKey: Guid(cd68b6a6947e1ee42a181bcaa76d9ea6) Importer(815301076,1909f56bfc062723c751e8b465ee728b)
Start importing Assets/Prefabs/PiantaLunga.prefab using Guid(cd68b6a6947e1ee42a181bcaa76d9ea6) Importer(815301076,1909f56bfc062723c751e8b465ee728b)  -> (artifact id: 'c2df0f20df3a2917114dc7759d31ad96') in 0.048803 seconds
  Import took 0.057509 seconds .

========================================================================
Received Import Request.
  Time since last request: 0.057782 seconds.
  path: Assets/Prefabs/PiantaLunga.prefab
  artifactKey: Guid(cd68b6a6947e1ee42a181bcaa76d9ea6) Importer(815301076,1909f56bfc062723c751e8b465ee728b)
Start importing Assets/Prefabs/PiantaLunga.prefab using Guid(cd68b6a6947e1ee42a181bcaa76d9ea6) Importer(815301076,1909f56bfc062723c751e8b465ee728b)  -> (artifact id: 'c2df0f20df3a2917114dc7759d31ad96') in 0.084429 seconds
  Import took 0.091552 seconds .

========================================================================
Received Import Request.
  Time since last request: 2.339548 seconds.
  path: Assets/Prefabs/PiantaLunga_2.prefab
  artifactKey: Guid(09028f7a389219049a927aad7d8d95a9) Importer(815301076,1909f56bfc062723c751e8b465ee728b)
Start importing Assets/Prefabs/PiantaLunga_2.prefab using Guid(09028f7a389219049a927aad7d8d95a9) Importer(815301076,1909f56bfc062723c751e8b465ee728b)  -> (artifact id: '370b8c3f72c141e72b576430f7f5a55c') in 0.060839 seconds
  Import took 0.066655 seconds .

========================================================================
Received Import Request.
  Time since last request: 0.042271 seconds.
  path: Assets/Prefabs/PiantaLunga_2.prefab
  artifactKey: Guid(09028f7a389219049a927aad7d8d95a9) Importer(815301076,1909f56bfc062723c751e8b465ee728b)
Start importing Assets/Prefabs/PiantaLunga_2.prefab using Guid(09028f7a389219049a927aad7d8d95a9) Importer(815301076,1909f56bfc062723c751e8b465ee728b)  -> (artifact id: '370b8c3f72c141e72b576430f7f5a55c') in 0.066346 seconds
  Import took 0.074880 seconds .

========================================================================
Received Prepare
Registering precompiled user dll's ...
Registered in 0.002031 seconds.
Begin MonoManager ReloadAssembly
Native extension for WindowsStandalone target not found
Refreshing native plugins compatible for Editor in 1.00 ms, found 1 plugins.
Preloading 0 native plugins for Editor in 0.00 ms.
Invoked RoslynAnalysisRunner static constructor.
RoslynAnalysisRunner will not be running.
RoslynAnalysisRunner has terminated.
Mono: successfully reloaded assembly
- Completed reload, in  2.388 seconds
Platform modules already initialized, skipping
Refreshing native plugins compatible for Editor in 0.96 ms, found 1 plugins.
Preloading 0 native plugins for Editor in 0.00 ms.
Unloading 1766 Unused Serialized files (Serialized files now loaded: 0)
System memory in use before: 109.4 MB.
System memory in use after: 109.5 MB.

Unloading 8 unused Assets to reduce memory usage. Loaded Objects now: 2275.
Total: 5.249690 ms (FindLiveObjects: 0.821333 ms CreateObjectMapping: 0.249822 ms MarkObjects: 4.119867 ms  DeleteObjects: 0.049378 ms)

AssetImportWorkerClient::OnTransportError - code=2 error=End of file
